1649961679379	geckodriver	INFO	Listening on 127.0.0.1:46421
1649961679881	mozrunner::runner	INFO	Running command: "/usr/bin/firefox" "--marionette" "--ignore-certificate-errors" "--incognito" "--headless" "--remote-debugging-port" "60825" "-no-remote" "-profile" "/tmp/rust_mozprofiled4OzCD"
*** You are running in headless mode.
1649961680308	Marionette	INFO	Marionette enabled
Crash Annotation GraphicsCriticalError: |[0][GFX1-]: RenderCompositorSWGL failed mapping default framebuffer, no dt (t=0.836996) [GFX1-]: RenderCompositorSWGL failed mapping default framebuffer, no dt
console.warn: SearchSettings: "get: No settings file exists, new profile?" (new NotFoundError("Could not open the file at /tmp/rust_mozprofiled4OzCD/search.json.mozlz4", (void 0)))
DevTools listening on ws://localhost:60825/devtools/browser/26572e2f-cdcc-4f44-9cf4-7bb9838e441f
1649961681107	Marionette	INFO	Listening on port 40739
Read port: 40739
1649961681198	RemoteAgent	WARN	TLS certificate errors will be ignored for this session
1649961693362	Marionette	INFO	Stopped listening on port 40739

###!!! [Parent][PImageBridgeParent] Error: RunMessage(msgname=PImageBridge::Msg_WillClose) Channel closing: too late to send/recv, messages will be lost

1649961751059	geckodriver	INFO	Listening on 127.0.0.1:50727
1649961751569	mozrunner::runner	INFO	Running command: "/usr/bin/firefox" "--marionette" "--ignore-certificate-errors" "--incognito" "--headless" "--remote-debugging-port" "50013" "-no-remote" "-profile" "/tmp/rust_mozprofilebeckPf"
*** You are running in headless mode.
1649961751782	Marionette	INFO	Marionette enabled
Crash Annotation GraphicsCriticalError: |[0][GFX1-]: RenderCompositorSWGL failed mapping default framebuffer, no dt (t=0.499722) [GFX1-]: RenderCompositorSWGL failed mapping default framebuffer, no dt
console.warn: SearchSettings: "get: No settings file exists, new profile?" (new NotFoundError("Could not open the file at /tmp/rust_mozprofilebeckPf/search.json.mozlz4", (void 0)))
DevTools listening on ws://localhost:50013/devtools/browser/ec8a4d07-7b1b-4a78-b296-42ab4660c7b3
1649961752385	Marionette	INFO	Listening on port 33843
Read port: 33843
1649961752486	RemoteAgent	WARN	TLS certificate errors will be ignored for this session
1649961759972	Marionette	INFO	Stopped listening on port 33843
JavaScript error: resource://services-settings/Utils.jsm, line 154: TypeError: NetworkError: Network request failed
1649962597189	geckodriver	INFO	Listening on 127.0.0.1:49329
1649962597699	mozrunner::runner	INFO	Running command: "/usr/bin/firefox" "--marionette" "--ignore-certificate-errors" "--incognito" "--headless" "--remote-debugging-port" "39579" "-no-remote" "-profile" "/tmp/rust_mozprofileABLful"
*** You are running in headless mode.
1649962597999	Marionette	INFO	Marionette enabled
Crash Annotation GraphicsCriticalError: |[0][GFX1-]: RenderCompositorSWGL failed mapping default framebuffer, no dt (t=0.644336) [GFX1-]: RenderCompositorSWGL failed mapping default framebuffer, no dt
console.warn: SearchSettings: "get: No settings file exists, new profile?" (new NotFoundError("Could not open the file at /tmp/rust_mozprofileABLful/search.json.mozlz4", (void 0)))
DevTools listening on ws://localhost:39579/devtools/browser/cf2a06d3-d049-4db4-bab8-053843c42a3a
1649962598760	Marionette	INFO	Listening on port 44309
Read port: 44309
1649962598813	RemoteAgent	WARN	TLS certificate errors will be ignored for this session
1649962606036	Marionette	INFO	Stopped listening on port 44309
JavaScript error: resource://services-settings/Utils.jsm, line 154: TypeError: NetworkError: Network request failed
JavaScript error: resource://gre/modules/AsyncShutdown.jsm, line 718: Error: Phase "Sqlite.jsm: wait until all connections are closed" is finished, it is too late to register completion condition "protections.sqlite#0: waiting for shutdown"

###!!! [Parent][PCompositorManagerParent] Error: RunMessage(msgname=PCompositorBridge::Msg___delete__) Channel closing: too late to send/recv, messages will be lost


###!!! [Parent][PImageBridgeParent] Error: RunMessage(msgname=PImageBridge::Msg_WillClose) Channel closing: too late to send/recv, messages will be lost

1649962657976	geckodriver	INFO	Listening on 127.0.0.1:59407
1649962658479	mozrunner::runner	INFO	Running command: "/usr/bin/firefox" "--marionette" "--ignore-certificate-errors" "--incognito" "--headless" "--remote-debugging-port" "50563" "-no-remote" "-profile" "/tmp/rust_mozprofile39jDQR"
*** You are running in headless mode.
1649962658692	Marionette	INFO	Marionette enabled
Crash Annotation GraphicsCriticalError: |[0][GFX1-]: RenderCompositorSWGL failed mapping default framebuffer, no dt (t=0.606936) [GFX1-]: RenderCompositorSWGL failed mapping default framebuffer, no dt
console.warn: SearchSettings: "get: No settings file exists, new profile?" (new NotFoundError("Could not open the file at /tmp/rust_mozprofile39jDQR/search.json.mozlz4", (void 0)))
DevTools listening on ws://localhost:50563/devtools/browser/bf0c6795-d50b-4ed5-9a51-3900a38bd4c4
1649962659498	Marionette	INFO	Listening on port 37849
Read port: 37849
1649962659592	RemoteAgent	WARN	TLS certificate errors will be ignored for this session
1649962848768	geckodriver	INFO	Listening on 127.0.0.1:59473
1649962849273	mozrunner::runner	INFO	Running command: "/usr/bin/firefox" "--marionette" "--ignore-certificate-errors" "--incognito" "--headless" "--remote-debugging-port" "54989" "-no-remote" "-profile" "/tmp/rust_mozprofileF9fyed"
*** You are running in headless mode.
1649962849581	Marionette	INFO	Marionette enabled
Crash Annotation GraphicsCriticalError: |[0][GFX1-]: RenderCompositorSWGL failed mapping default framebuffer, no dt (t=0.850691) [GFX1-]: RenderCompositorSWGL failed mapping default framebuffer, no dt
console.warn: SearchSettings: "get: No settings file exists, new profile?" (new NotFoundError("Could not open the file at /tmp/rust_mozprofileF9fyed/search.json.mozlz4", (void 0)))
DevTools listening on ws://localhost:54989/devtools/browser/985e49da-0990-4903-ba75-e8f7677f7315
1649962850549	Marionette	INFO	Listening on port 38535
Read port: 38535
1649962850586	RemoteAgent	WARN	TLS certificate errors will be ignored for this session
1649962882270	geckodriver	INFO	Listening on 127.0.0.1:47929
1649962882781	mozrunner::runner	INFO	Running command: "/usr/bin/firefox" "--marionette" "--ignore-certificate-errors" "--incognito" "--headless" "--remote-debugging-port" "56765" "-no-remote" "-profile" "/tmp/rust_mozprofileo4G9kG"
*** You are running in headless mode.
1649962882996	Marionette	INFO	Marionette enabled
Crash Annotation GraphicsCriticalError: |[0][GFX1-]: RenderCompositorSWGL failed mapping default framebuffer, no dt (t=0.572714) [GFX1-]: RenderCompositorSWGL failed mapping default framebuffer, no dt
console.warn: SearchSettings: "get: No settings file exists, new profile?" (new NotFoundError("Could not open the file at /tmp/rust_mozprofileo4G9kG/search.json.mozlz4", (void 0)))
DevTools listening on ws://localhost:56765/devtools/browser/f297aceb-e1af-4525-a5e2-771d6c170d0d
1649962883767	Marionette	INFO	Listening on port 35505
Read port: 35505
1649962883797	RemoteAgent	WARN	TLS certificate errors will be ignored for this session
1649963127008	geckodriver	INFO	Listening on 127.0.0.1:46873
1649963127498	mozrunner::runner	INFO	Running command: "/usr/bin/firefox" "--marionette" "--ignore-certificate-errors" "--incognito" "--headless" "--remote-debugging-port" "47589" "-no-remote" "-profile" "/tmp/rust_mozprofile3BBZUJ"
*** You are running in headless mode.
1649963127918	Marionette	INFO	Marionette enabled
Crash Annotation GraphicsCriticalError: |[0][GFX1-]: RenderCompositorSWGL failed mapping default framebuffer, no dt (t=0.854786) [GFX1-]: RenderCompositorSWGL failed mapping default framebuffer, no dt
console.warn: SearchSettings: "get: No settings file exists, new profile?" (new NotFoundError("Could not open the file at /tmp/rust_mozprofile3BBZUJ/search.json.mozlz4", (void 0)))
DevTools listening on ws://localhost:47589/devtools/browser/fc59c1db-e8b9-4522-84ea-4df561bba6c2
1649963128845	Marionette	INFO	Listening on port 38201
Read port: 38201
1649963128913	RemoteAgent	WARN	TLS certificate errors will be ignored for this session
1649963135123	Marionette	INFO	Stopped listening on port 38201
JavaScript error: resource://services-settings/Utils.jsm, line 154: TypeError: NetworkError: Network request failed

###!!! [Parent][PContentParent] Error: Send(msgname=PContent::Reply_DiscardBrowsingContext) Closed channel: cannot send/recv


###!!! [Child][PContentChild] Error: RunMessage(msgname=PHttpChannel::Msg_DeleteSelf) Channel closing: too late to send/recv, messages will be lost


###!!! [Parent][PContentParent] Error: Send(msgname=PContent::Msg_DestroyBrowsingContextGroup) Closed channel: cannot send/recv

JavaScript error: resource://gre/modules/Sqlite.jsm, line 1105: Error: Sqlite.jsm has been shutdown. Cannot open connection to: /tmp/rust_mozprofile3BBZUJ/protections.sqlite

###!!! [Child][PContentChild] Error: RunMessage(msgname=PContent::Msg_DiscardBrowsingContext) Channel closing: too late to send/recv, messages will be lost


###!!! [Child][PContentChild] Error: RunMessage(msgname=PContent::Reply_DiscardBrowsingContext) Channel closing: too late to send/recv, messages will be lost


###!!! [Child][PContentChild] Error: RunMessage(msgname=PHttpChannel::Msg_DeleteSelf) Channel closing: too late to send/recv, messages will be lost


###!!! [Child][PContentChild] Error: Send(msgname=PContent::Msg_ScriptError) Channel closing: too late to send/recv, messages will be lost


###!!! [Child][PContentChild] Error: RunMessage(msgname=PHttpChannel::Msg_DeleteSelf) Channel closing: too late to send/recv, messages will be lost


###!!! [Child][PContentChild] Error: Send(msgname=PContent::Msg_ScriptError) Channel closing: too late to send/recv, messages will be lost


###!!! [Child][PContentChild] Error: RunMessage(msgname=PHttpChannel::Msg_DeleteSelf) Channel closing: too late to send/recv, messages will be lost


###!!! [Child][PContentChild] Error: Send(msgname=PContent::Msg_ScriptError) Channel closing: too late to send/recv, messages will be lost


###!!! [Child][PContentChild] Error: RunMessage(msgname=PHttpChannel::Msg_DeleteSelf) Channel closing: too late to send/recv, messages will be lost

1649963150180	geckodriver	INFO	Listening on 127.0.0.1:51043
1649963150688	mozrunner::runner	INFO	Running command: "/usr/bin/firefox" "--marionette" "--ignore-certificate-errors" "--incognito" "--headless" "--remote-debugging-port" "39303" "-no-remote" "-profile" "/tmp/rust_mozprofileerXaf0"
*** You are running in headless mode.
1649963150923	Marionette	INFO	Marionette enabled
Crash Annotation GraphicsCriticalError: |[0][GFX1-]: RenderCompositorSWGL failed mapping default framebuffer, no dt (t=0.537895) [GFX1-]: RenderCompositorSWGL failed mapping default framebuffer, no dt
console.warn: SearchSettings: "get: No settings file exists, new profile?" (new NotFoundError("Could not open the file at /tmp/rust_mozprofileerXaf0/search.json.mozlz4", (void 0)))
DevTools listening on ws://localhost:39303/devtools/browser/b9f0bdea-2b9a-48d0-b59c-bdaf93f57477
1649963151583	Marionette	INFO	Listening on port 46527
Read port: 46527
1649963151602	RemoteAgent	WARN	TLS certificate errors will be ignored for this session
1649963170509	geckodriver	INFO	Listening on 127.0.0.1:46081
1649963171014	mozrunner::runner	INFO	Running command: "/usr/bin/firefox" "--marionette" "--ignore-certificate-errors" "--incognito" "--headless" "--remote-debugging-port" "52357" "-no-remote" "-profile" "/tmp/rust_mozprofileJnXHu3"
*** You are running in headless mode.
1649963171250	Marionette	INFO	Marionette enabled
Crash Annotation GraphicsCriticalError: |[0][GFX1-]: RenderCompositorSWGL failed mapping default framebuffer, no dt (t=0.600425) [GFX1-]: RenderCompositorSWGL failed mapping default framebuffer, no dt
console.warn: SearchSettings: "get: No settings file exists, new profile?" (new NotFoundError("Could not open the file at /tmp/rust_mozprofileJnXHu3/search.json.mozlz4", (void 0)))
DevTools listening on ws://localhost:52357/devtools/browser/3fb1435a-a154-4d76-b394-316b975d1a9e
1649963172097	Marionette	INFO	Listening on port 41005
Read port: 41005
1649963172127	RemoteAgent	WARN	TLS certificate errors will be ignored for this session
1649963178399	Marionette	INFO	Stopped listening on port 41005
JavaScript error: resource://services-settings/Utils.jsm, line 154: TypeError: NetworkError: Network request failed
JavaScript error: resource://services-settings/RemoteSettingsWorker.jsm, line 143: Error: Shutdown, aborting read-only worker requests.
1649975018737	geckodriver	INFO	Listening on 127.0.0.1:58463
1649975019238	mozrunner::runner	INFO	Running command: "/usr/bin/firefox" "--marionette" "--ignore-certificate-errors" "--incognito" "--headless" "--remote-debugging-port" "60589" "-no-remote" "-profile" "/tmp/rust_mozprofile6SeFIG"
*** You are running in headless mode.
1649975020485	Marionette	INFO	Marionette enabled
Crash Annotation GraphicsCriticalError: |[0][GFX1-]: RenderCompositorSWGL failed mapping default framebuffer, no dt (t=3.08364) [GFX1-]: RenderCompositorSWGL failed mapping default framebuffer, no dt
console.warn: SearchSettings: "get: No settings file exists, new profile?" (new NotFoundError("Could not open the file at /tmp/rust_mozprofile6SeFIG/search.json.mozlz4", (void 0)))
DevTools listening on ws://localhost:60589/devtools/browser/9c9d6c7a-69e5-4bc1-b05d-a4356fab7467
1649975024742	Marionette	INFO	Listening on port 43973
Read port: 43973
1649975024796	RemoteAgent	WARN	TLS certificate errors will be ignored for this session
1649975045347	Marionette	INFO	Stopped listening on port 43973

###!!! [Parent][PContentParent] Error: Send(msgname=PContent::Reply_DiscardBrowsingContext) Closed channel: cannot send/recv


###!!! [Parent][PContentParent] Error: Send(msgname=PContent::Msg_DestroyBrowsingContextGroup) Closed channel: cannot send/recv


###!!! [Parent][PContentParent] Error: Send(msgname=PContent::Reply_DiscardBrowsingContext) Closed channel: cannot send/recv

JavaScript error: resource://gre/modules/Sqlite.jsm, line 1105: Error: Sqlite.jsm has been shutdown. Cannot open connection to: /tmp/rust_mozprofile6SeFIG/protections.sqlite
1649976103561	geckodriver	INFO	Listening on 127.0.0.1:33609
1649976104077	mozrunner::runner	INFO	Running command: "/usr/bin/firefox" "--marionette" "--ignore-certificate-errors" "--incognito" "--headless" "--remote-debugging-port" "59761" "-no-remote" "-profile" "/tmp/rust_mozprofilevyOeCO"
*** You are running in headless mode.
1649976106342	Marionette	INFO	Marionette enabled
Crash Annotation GraphicsCriticalError: |[0][GFX1-]: RenderCompositorSWGL failed mapping default framebuffer, no dt (t=6.03763) [GFX1-]: RenderCompositorSWGL failed mapping default framebuffer, no dt
console.warn: SearchSettings: "get: No settings file exists, new profile?" (new NotFoundError("Could not open the file at /tmp/rust_mozprofilevyOeCO/search.json.mozlz4", (void 0)))
console.error: Region.jsm: "Error fetching region" (new AbortError("The operation was aborted. ", (void 0), 770))
console.error: Region.jsm: "Failed to fetch region" (new Error("NO_RESULT", "resource://gre/modules/Region.jsm", 419))
DevTools listening on ws://localhost:59761/devtools/browser/a3b8323a-1ecc-40e6-95cd-04c6d53a4c6c
1649976138421	Marionette	INFO	Listening on port 39059
Read port: 39059
1649976139637	RemoteAgent	WARN	TLS certificate errors will be ignored for this session
Exiting due to channel error.
Exiting due to channel error.
Exiting due to channel error.
Exiting due to channel error.
Exiting due to channel error.
Exiting due to channel error.
Exiting due to channel error.
Exiting due to channel error.
Exiting due to channel error.
Exiting due to channel error.
Exiting due to channel error.
Exiting due to channel error.
Exiting due to channel error.
Exiting due to channel error.
1649976790567	geckodriver	INFO	Listening on 127.0.0.1:49311
1649976791069	mozrunner::runner	INFO	Running command: "/usr/bin/firefox" "--marionette" "--ignore-certificate-errors" "--incognito" "--headless" "--remote-debugging-port" "39743" "-no-remote" "-profile" "/tmp/rust_mozprofileBzTxDs"
*** You are running in headless mode.
1649976791455	Marionette	INFO	Marionette enabled
Crash Annotation GraphicsCriticalError: |[0][GFX1-]: RenderCompositorSWGL failed mapping default framebuffer, no dt (t=0.8405) [GFX1-]: RenderCompositorSWGL failed mapping default framebuffer, no dt
console.warn: SearchSettings: "get: No settings file exists, new profile?" (new NotFoundError("Could not open the file at /tmp/rust_mozprofileBzTxDs/search.json.mozlz4", (void 0)))
DevTools listening on ws://localhost:39743/devtools/browser/0fb4f5d9-de98-45cf-b428-847c8778da02
1649976792363	Marionette	INFO	Listening on port 43877
Read port: 43877
1649976792382	RemoteAgent	WARN	TLS certificate errors will be ignored for this session
1649976914264	geckodriver	INFO	Listening on 127.0.0.1:56597
1649976914771	mozrunner::runner	INFO	Running command: "/usr/bin/firefox" "--marionette" "--ignore-certificate-errors" "--incognito" "--headless" "--remote-debugging-port" "41261" "-no-remote" "-profile" "/tmp/rust_mozprofileiDvQFt"
*** You are running in headless mode.
1649976915533	Marionette	INFO	Marionette enabled
Crash Annotation GraphicsCriticalError: |[0][GFX1-]: RenderCompositorSWGL failed mapping default framebuffer, no dt (t=1.37069) [GFX1-]: RenderCompositorSWGL failed mapping default framebuffer, no dt
console.warn: SearchSettings: "get: No settings file exists, new profile?" (new NotFoundError("Could not open the file at /tmp/rust_mozprofileiDvQFt/search.json.mozlz4", (void 0)))
DevTools listening on ws://localhost:41261/devtools/browser/b0d26d92-4240-469c-a380-7fe8b796e315
1649976916712	Marionette	INFO	Listening on port 46409
Read port: 46409
1649976916791	RemoteAgent	WARN	TLS certificate errors will be ignored for this session
1649977346441	geckodriver	INFO	Listening on 127.0.0.1:56643
1649977346944	mozrunner::runner	INFO	Running command: "/usr/bin/firefox" "--marionette" "--ignore-certificate-errors" "--incognito" "--headless" "--remote-debugging-port" "58447" "-no-remote" "-profile" "/tmp/rust_mozprofileOCvren"
*** You are running in headless mode.
1649977347530	Marionette	INFO	Marionette enabled
Crash Annotation GraphicsCriticalError: |[0][GFX1-]: RenderCompositorSWGL failed mapping default framebuffer, no dt (t=1.08803) [GFX1-]: RenderCompositorSWGL failed mapping default framebuffer, no dt
console.warn: SearchSettings: "get: No settings file exists, new profile?" (new NotFoundError("Could not open the file at /tmp/rust_mozprofileOCvren/search.json.mozlz4", (void 0)))
DevTools listening on ws://localhost:58447/devtools/browser/3a9376bf-0526-469e-873d-ee20eb8571f9
1649977348504	Marionette	INFO	Listening on port 38365
Read port: 38365
1649977348560	RemoteAgent	WARN	TLS certificate errors will be ignored for this session
1649977396955	geckodriver	INFO	Listening on 127.0.0.1:51239
1649977397460	mozrunner::runner	INFO	Running command: "/usr/bin/firefox" "--marionette" "--ignore-certificate-errors" "--incognito" "--headless" "--remote-debugging-port" "43699" "-no-remote" "-profile" "/tmp/rust_mozprofileUzUqoR"
*** You are running in headless mode.
1649977398024	Marionette	INFO	Marionette enabled
Crash Annotation GraphicsCriticalError: |[0][GFX1-]: RenderCompositorSWGL failed mapping default framebuffer, no dt (t=1.29173) [GFX1-]: RenderCompositorSWGL failed mapping default framebuffer, no dt
console.warn: SearchSettings: "get: No settings file exists, new profile?" (new NotFoundError("Could not open the file at /tmp/rust_mozprofileUzUqoR/search.json.mozlz4", (void 0)))
DevTools listening on ws://localhost:43699/devtools/browser/a1cecaab-b48c-4c7f-87a7-bbe6747e3f51
1649977399339	Marionette	INFO	Listening on port 42451
Read port: 42451
1649977399385	RemoteAgent	WARN	TLS certificate errors will be ignored for this session
1649977735701	geckodriver	INFO	Listening on 127.0.0.1:40209
1649977736213	mozrunner::runner	INFO	Running command: "/usr/bin/firefox" "--marionette" "--ignore-certificate-errors" "--incognito" "--headless" "--remote-debugging-port" "57361" "-no-remote" "-profile" "/tmp/rust_mozprofileRyapvr"
*** You are running in headless mode.
1649977736550	Marionette	INFO	Marionette enabled
Crash Annotation GraphicsCriticalError: |[0][GFX1-]: RenderCompositorSWGL failed mapping default framebuffer, no dt (t=0.715498) [GFX1-]: RenderCompositorSWGL failed mapping default framebuffer, no dt
console.warn: SearchSettings: "get: No settings file exists, new profile?" (new NotFoundError("Could not open the file at /tmp/rust_mozprofileRyapvr/search.json.mozlz4", (void 0)))
DevTools listening on ws://localhost:57361/devtools/browser/f481282e-485d-43ec-9000-108487128c78
1649977737423	Marionette	INFO	Listening on port 46451
Read port: 46451
1649977737532	RemoteAgent	WARN	TLS certificate errors will be ignored for this session
1649978299028	geckodriver	INFO	Listening on 127.0.0.1:43149
1649978299533	mozrunner::runner	INFO	Running command: "/usr/bin/firefox" "--marionette" "--ignore-certificate-errors" "--incognito" "--headless" "--remote-debugging-port" "44255" "-no-remote" "-profile" "/tmp/rust_mozprofile7tx9QL"
*** You are running in headless mode.
1649978299816	Marionette	INFO	Marionette enabled
Crash Annotation GraphicsCriticalError: |[0][GFX1-]: RenderCompositorSWGL failed mapping default framebuffer, no dt (t=0.705235) [GFX1-]: RenderCompositorSWGL failed mapping default framebuffer, no dt
console.warn: SearchSettings: "get: No settings file exists, new profile?" (new NotFoundError("Could not open the file at /tmp/rust_mozprofile7tx9QL/search.json.mozlz4", (void 0)))
DevTools listening on ws://localhost:44255/devtools/browser/c8462c48-426c-41c2-91b9-0931bdc37fa0
1649978300695	Marionette	INFO	Listening on port 40687
Read port: 40687
1649978300755	RemoteAgent	WARN	TLS certificate errors will be ignored for this session
1649978384275	geckodriver	INFO	Listening on 127.0.0.1:52771
1649978384778	mozrunner::runner	INFO	Running command: "/usr/bin/firefox" "--marionette" "--ignore-certificate-errors" "--incognito" "--headless" "--remote-debugging-port" "42217" "-no-remote" "-profile" "/tmp/rust_mozprofilex24eLT"
*** You are running in headless mode.
1649978385073	Marionette	INFO	Marionette enabled
Crash Annotation GraphicsCriticalError: |[0][GFX1-]: RenderCompositorSWGL failed mapping default framebuffer, no dt (t=0.697796) [GFX1-]: RenderCompositorSWGL failed mapping default framebuffer, no dt
console.warn: SearchSettings: "get: No settings file exists, new profile?" (new NotFoundError("Could not open the file at /tmp/rust_mozprofilex24eLT/search.json.mozlz4", (void 0)))
DevTools listening on ws://localhost:42217/devtools/browser/5ad0d001-9846-4714-aded-14475a8987a3
1649978386030	Marionette	INFO	Listening on port 32829
Read port: 32829
1649978386104	RemoteAgent	WARN	TLS certificate errors will be ignored for this session
1649978757175	geckodriver	INFO	Listening on 127.0.0.1:56251
1649978757678	mozrunner::runner	INFO	Running command: "/usr/bin/firefox" "--marionette" "--ignore-certificate-errors" "--incognito" "--headless" "--remote-debugging-port" "33297" "-no-remote" "-profile" "/tmp/rust_mozprofileyUkyd4"
*** You are running in headless mode.
1649978758232	Marionette	INFO	Marionette enabled
Crash Annotation GraphicsCriticalError: |[0][GFX1-]: RenderCompositorSWGL failed mapping default framebuffer, no dt (t=1.27735) [GFX1-]: RenderCompositorSWGL failed mapping default framebuffer, no dt
console.warn: SearchSettings: "get: No settings file exists, new profile?" (new NotFoundError("Could not open the file at /tmp/rust_mozprofileyUkyd4/search.json.mozlz4", (void 0)))
DevTools listening on ws://localhost:33297/devtools/browser/7c0f570b-ee3d-4c14-ba60-df1dd33d28c4
1649978759945	Marionette	INFO	Listening on port 36153
Read port: 36153
1649978760015	RemoteAgent	WARN	TLS certificate errors will be ignored for this session
console.error: Region.jsm: "Error fetching region" (new Error("TIMEOUT", "resource://gre/modules/Region.jsm", 772))
console.error: Region.jsm: "Failed to fetch region" (new Error("TIMEOUT", "resource://gre/modules/Region.jsm", 419))
1649979250467	geckodriver	INFO	Listening on 127.0.0.1:37323
1649979250969	mozrunner::runner	INFO	Running command: "/usr/bin/firefox" "--marionette" "--ignore-certificate-errors" "--incognito" "--headless" "--remote-debugging-port" "51513" "-no-remote" "-profile" "/tmp/rust_mozprofilePlJIbb"
*** You are running in headless mode.
1649979251641	Marionette	INFO	Marionette enabled
Crash Annotation GraphicsCriticalError: |[0][GFX1-]: RenderCompositorSWGL failed mapping default framebuffer, no dt (t=1.3035) [GFX1-]: RenderCompositorSWGL failed mapping default framebuffer, no dt
console.warn: SearchSettings: "get: No settings file exists, new profile?" (new NotFoundError("Could not open the file at /tmp/rust_mozprofilePlJIbb/search.json.mozlz4", (void 0)))
DevTools listening on ws://localhost:51513/devtools/browser/7ec7f7b7-e1d9-45bc-b93f-8c31563174e2
1649979252856	Marionette	INFO	Listening on port 43717
Read port: 43717
1649979252891	RemoteAgent	WARN	TLS certificate errors will be ignored for this session
1649979328095	geckodriver	INFO	Listening on 127.0.0.1:45663
1649979328598	mozrunner::runner	INFO	Running command: "/usr/bin/firefox" "--marionette" "--ignore-certificate-errors" "--incognito" "--headless" "--remote-debugging-port" "33967" "-no-remote" "-profile" "/tmp/rust_mozprofilemj6lOR"
*** You are running in headless mode.
1649979329144	Marionette	INFO	Marionette enabled
Crash Annotation GraphicsCriticalError: |[0][GFX1-]: RenderCompositorSWGL failed mapping default framebuffer, no dt (t=1.10563) [GFX1-]: RenderCompositorSWGL failed mapping default framebuffer, no dt
console.warn: SearchSettings: "get: No settings file exists, new profile?" (new NotFoundError("Could not open the file at /tmp/rust_mozprofilemj6lOR/search.json.mozlz4", (void 0)))
DevTools listening on ws://localhost:33967/devtools/browser/fda9590d-e9d0-43c9-b51b-0ed7869fac5b
1649979330265	Marionette	INFO	Listening on port 38623
Read port: 38623
1649979330321	RemoteAgent	WARN	TLS certificate errors will be ignored for this session
1649979905762	geckodriver	INFO	Listening on 127.0.0.1:48959
1649979906266	mozrunner::runner	INFO	Running command: "/usr/bin/firefox" "--marionette" "--ignore-certificate-errors" "--incognito" "--headless" "--remote-debugging-port" "37753" "-no-remote" "-profile" "/tmp/rust_mozprofileKhwZ3u"
*** You are running in headless mode.
1649979907010	Marionette	INFO	Marionette enabled
Crash Annotation GraphicsCriticalError: |[0][GFX1-]: RenderCompositorSWGL failed mapping default framebuffer, no dt (t=1.29859) [GFX1-]: RenderCompositorSWGL failed mapping default framebuffer, no dt
console.warn: SearchSettings: "get: No settings file exists, new profile?" (new NotFoundError("Could not open the file at /tmp/rust_mozprofileKhwZ3u/search.json.mozlz4", (void 0)))
DevTools listening on ws://localhost:37753/devtools/browser/cc293576-1c85-400d-9901-ba3a84929414
1649979908431	Marionette	INFO	Listening on port 42195
Read port: 42195
1649979908500	RemoteAgent	WARN	TLS certificate errors will be ignored for this session
console.error: Region.jsm: "Error fetching region" (new Error("TIMEOUT", "resource://gre/modules/Region.jsm", 772))
console.error: Region.jsm: "Failed to fetch region" (new Error("TIMEOUT", "resource://gre/modules/Region.jsm", 419))
